<?xml version="1.0" encoding="UTF-8"?>
<TestRun id="fcef1795-5775-42b5-84c7-7236a5d292fa" name="amit_h2@TLVAMITH2W7 2013-04-10 20:43:28" runUser="VERIFONE\amit_h2" xmlns="http://microsoft.com/schemas/VisualStudio/TeamTest/2010">
  <TestSettings name="Local" id="fa61efe0-547d-402c-8bd3-8c8c84c47f44">
    <Description>These are default test settings for a local test run.</Description>
    <Deployment enabled="false" runDeploymentRoot="amit_h2_TLVAMITH2W7 2013-04-10 20_43_28">
      <DeploymentItem filename="C:\Projects\Managed Services\Dev\General Prepaid (GPP)\SolutionFolder\AmitHirschPubSub\PubSub\bin\Debug\PubSub.dll" />
    </Deployment>
    <Execution>
      <TestTypeSpecific />
      <AgentRule name="Execution Agents">
      </AgentRule>
    </Execution>
  </TestSettings>
  <Times creation="2013-04-10T20:43:28.0472647+03:00" queuing="2013-04-10T20:43:30.3694969+03:00" start="2013-04-10T20:43:30.5195119+03:00" finish="2013-04-10T20:44:14.1418737+03:00" />
  <ResultSummary outcome="Error">
    <Counters total="5" executed="1" error="0" failed="0" timeout="0" aborted="1" inconclusive="0" passedButRunAborted="0" notRunnable="0" notExecuted="4" disconnected="0" warning="0" passed="0" completed="0" inProgress="0" pending="0" />
    <RunInfos>
      <RunInfo computerName="TLVAMITH2W7" outcome="Error" timestamp="2013-04-10T20:44:14.1408736+03:00">
        <Text>Test host process exited unexpectedly.</Text>
      </RunInfo>
    </RunInfos>
  </ResultSummary>
  <TestDefinitions>
    <UnitTest name="Test_Subscribers_ReadPublishMessages_OnlyOil" storage="c:\projects\managed services\dev\general prepaid (gpp)\solutionfolder\amithirschpubsub\pubsubtests\bin\debug\pubsubtests.dll" id="1ad78af0-a208-d85b-91d4-5185f5de6a02">
      <Execution id="441502bb-0bbb-4296-b581-8e29e9e11116" />
      <TestMethod codeBase="C:/Projects/Managed Services/Dev/General Prepaid (GPP)/SolutionFolder/AmitHirschPubSub/PubSubTests/bin/Debug/PubSubTests.DLL" adapterTypeName="Microsoft.VisualStudio.TestTools.TestTypes.Unit.UnitTestAdapter, Microsoft.VisualStudio.QualityTools.Tips.UnitTest.Adapter, Version=10.0.0.0, Culture=neutral, PublicKeyToken=b03f5f7f11d50a3a" className="PubSubTests.Tests, PubSubTests, Version=1.0.0.0, Culture=neutral, PublicKeyToken=null" name="Test_Subscribers_ReadPublishMessages_OnlyOil" />
    </UnitTest>
    <UnitTest name="Test_Subscribers_With_Topics_Register_Broker_ShouldHave_SubscribersAndTopics" storage="c:\projects\managed services\dev\general prepaid (gpp)\solutionfolder\amithirschpubsub\pubsubtests\bin\debug\pubsubtests.dll" id="f4ad328d-a741-f8e2-789a-34f6cb454100">
      <Execution id="59517ec2-b86f-4e21-9c97-402ae20851bf" />
      <TestMethod codeBase="C:/Projects/Managed Services/Dev/General Prepaid (GPP)/SolutionFolder/AmitHirschPubSub/PubSubTests/bin/Debug/PubSubTests.DLL" adapterTypeName="Microsoft.VisualStudio.TestTools.TestTypes.Unit.UnitTestAdapter, Microsoft.VisualStudio.QualityTools.Tips.UnitTest.Adapter, Version=10.0.0.0, Culture=neutral, PublicKeyToken=b03f5f7f11d50a3a" className="PubSubTests.Tests, PubSubTests, Version=1.0.0.0, Culture=neutral, PublicKeyToken=null" name="Test_Subscribers_With_Topics_Register_Broker_ShouldHave_SubscribersAndTopics" />
    </UnitTest>
    <UnitTest name="Various_Subscribers_With_Topics_Register_Broker_ShouldHave_SubscribersAndTopics" storage="c:\projects\managed services\dev\general prepaid (gpp)\solutionfolder\amithirschpubsub\pubsubtests\bin\debug\pubsubtests.dll" id="edff5d04-1905-e28a-33ad-4c1181ba85b0">
      <Execution id="9bd554b3-6c71-4855-bdfb-d2dbdb011a99" />
      <TestMethod codeBase="C:/Projects/Managed Services/Dev/General Prepaid (GPP)/SolutionFolder/AmitHirschPubSub/PubSubTests/bin/Debug/PubSubTests.DLL" adapterTypeName="Microsoft.VisualStudio.TestTools.TestTypes.Unit.UnitTestAdapter, Microsoft.VisualStudio.QualityTools.Tips.UnitTest.Adapter, Version=10.0.0.0, Culture=neutral, PublicKeyToken=b03f5f7f11d50a3a" className="PubSubTests.Tests, PubSubTests, Version=1.0.0.0, Culture=neutral, PublicKeyToken=null" name="Various_Subscribers_With_Topics_Register_Broker_ShouldHave_SubscribersAndTopics" />
    </UnitTest>
    <UnitTest name="Subscriber_With_OneTopic_Register_Broker_ShouldHave_SubscriberAndTopic" storage="c:\projects\managed services\dev\general prepaid (gpp)\solutionfolder\amithirschpubsub\pubsubtests\bin\debug\pubsubtests.dll" id="fe11d72b-cd01-6051-ec63-62f28a4cb101">
      <Execution id="f2b4676e-ff6a-4286-bd25-e76e31307eef" />
      <TestMethod codeBase="C:/Projects/Managed Services/Dev/General Prepaid (GPP)/SolutionFolder/AmitHirschPubSub/PubSubTests/bin/Debug/PubSubTests.DLL" adapterTypeName="Microsoft.VisualStudio.TestTools.TestTypes.Unit.UnitTestAdapter, Microsoft.VisualStudio.QualityTools.Tips.UnitTest.Adapter, Version=10.0.0.0, Culture=neutral, PublicKeyToken=b03f5f7f11d50a3a" className="PubSubTests.Tests, PubSubTests, Version=1.0.0.0, Culture=neutral, PublicKeyToken=null" name="Subscriber_With_OneTopic_Register_Broker_ShouldHave_SubscriberAndTopic" />
    </UnitTest>
    <UnitTest name="Subscriber_With_TwoTopic_Register_Broker_ShouldHave_SubscriberAndTopics" storage="c:\projects\managed services\dev\general prepaid (gpp)\solutionfolder\amithirschpubsub\pubsubtests\bin\debug\pubsubtests.dll" id="ae07d948-53f4-3618-4fa4-1ddc8937fc75">
      <Execution id="39645c88-1c8a-4c8a-a747-a68fb9841ee4" />
      <TestMethod codeBase="C:/Projects/Managed Services/Dev/General Prepaid (GPP)/SolutionFolder/AmitHirschPubSub/PubSubTests/bin/Debug/PubSubTests.DLL" adapterTypeName="Microsoft.VisualStudio.TestTools.TestTypes.Unit.UnitTestAdapter, Microsoft.VisualStudio.QualityTools.Tips.UnitTest.Adapter, Version=10.0.0.0, Culture=neutral, PublicKeyToken=b03f5f7f11d50a3a" className="PubSubTests.Tests, PubSubTests, Version=1.0.0.0, Culture=neutral, PublicKeyToken=null" name="Subscriber_With_TwoTopic_Register_Broker_ShouldHave_SubscriberAndTopics" />
    </UnitTest>
  </TestDefinitions>
  <TestLists>
    <TestList name="Results Not in a List" id="8c84fa94-04c1-424b-9868-57a2d4851a1d" />
    <TestList name="All Loaded Results" id="19431567-8539-422a-85d7-44ee4e166bda" />
  </TestLists>
  <TestEntries>
    <TestEntry testId="1ad78af0-a208-d85b-91d4-5185f5de6a02" executionId="441502bb-0bbb-4296-b581-8e29e9e11116" testListId="8c84fa94-04c1-424b-9868-57a2d4851a1d" />
    <TestEntry testId="ae07d948-53f4-3618-4fa4-1ddc8937fc75" executionId="39645c88-1c8a-4c8a-a747-a68fb9841ee4" testListId="8c84fa94-04c1-424b-9868-57a2d4851a1d" />
    <TestEntry testId="edff5d04-1905-e28a-33ad-4c1181ba85b0" executionId="9bd554b3-6c71-4855-bdfb-d2dbdb011a99" testListId="8c84fa94-04c1-424b-9868-57a2d4851a1d" />
    <TestEntry testId="f4ad328d-a741-f8e2-789a-34f6cb454100" executionId="59517ec2-b86f-4e21-9c97-402ae20851bf" testListId="8c84fa94-04c1-424b-9868-57a2d4851a1d" />
    <TestEntry testId="fe11d72b-cd01-6051-ec63-62f28a4cb101" executionId="f2b4676e-ff6a-4286-bd25-e76e31307eef" testListId="8c84fa94-04c1-424b-9868-57a2d4851a1d" />
  </TestEntries>
  <Results>
    <UnitTestResult executionId="441502bb-0bbb-4296-b581-8e29e9e11116" testId="1ad78af0-a208-d85b-91d4-5185f5de6a02" testName="Test_Subscribers_ReadPublishMessages_OnlyOil" computerName="TLVAMITH2W7" duration="00:00:43.5023498" startTime="2013-04-10T20:43:30.6395239+03:00" endTime="2013-04-10T20:44:14.1418737+03:00" testType="13cdc9d9-ddb5-4fa4-a97d-d965ccfc6d4b" outcome="Aborted" testListId="8c84fa94-04c1-424b-9868-57a2d4851a1d" relativeResultsDirectory="441502bb-0bbb-4296-b581-8e29e9e11116">
    </UnitTestResult>
    <UnitTestResult executionId="39645c88-1c8a-4c8a-a747-a68fb9841ee4" testId="ae07d948-53f4-3618-4fa4-1ddc8937fc75" testName="Subscriber_With_TwoTopic_Register_Broker_ShouldHave_SubscriberAndTopics" computerName="TLVAMITH2W7" testType="13cdc9d9-ddb5-4fa4-a97d-d965ccfc6d4b" outcome="NotExecuted" testListId="8c84fa94-04c1-424b-9868-57a2d4851a1d" relativeResultsDirectory="39645c88-1c8a-4c8a-a747-a68fb9841ee4">
    </UnitTestResult>
    <UnitTestResult executionId="9bd554b3-6c71-4855-bdfb-d2dbdb011a99" testId="edff5d04-1905-e28a-33ad-4c1181ba85b0" testName="Various_Subscribers_With_Topics_Register_Broker_ShouldHave_SubscribersAndTopics" computerName="TLVAMITH2W7" testType="13cdc9d9-ddb5-4fa4-a97d-d965ccfc6d4b" outcome="NotExecuted" testListId="8c84fa94-04c1-424b-9868-57a2d4851a1d" relativeResultsDirectory="9bd554b3-6c71-4855-bdfb-d2dbdb011a99">
    </UnitTestResult>
    <UnitTestResult executionId="59517ec2-b86f-4e21-9c97-402ae20851bf" testId="f4ad328d-a741-f8e2-789a-34f6cb454100" testName="Test_Subscribers_With_Topics_Register_Broker_ShouldHave_SubscribersAndTopics" computerName="TLVAMITH2W7" testType="13cdc9d9-ddb5-4fa4-a97d-d965ccfc6d4b" outcome="NotExecuted" testListId="8c84fa94-04c1-424b-9868-57a2d4851a1d" relativeResultsDirectory="59517ec2-b86f-4e21-9c97-402ae20851bf">
    </UnitTestResult>
    <UnitTestResult executionId="f2b4676e-ff6a-4286-bd25-e76e31307eef" testId="fe11d72b-cd01-6051-ec63-62f28a4cb101" testName="Subscriber_With_OneTopic_Register_Broker_ShouldHave_SubscriberAndTopic" computerName="TLVAMITH2W7" testType="13cdc9d9-ddb5-4fa4-a97d-d965ccfc6d4b" outcome="NotExecuted" testListId="8c84fa94-04c1-424b-9868-57a2d4851a1d" relativeResultsDirectory="f2b4676e-ff6a-4286-bd25-e76e31307eef">
    </UnitTestResult>
  </Results>
</TestRun>