<?xml version="1.0" encoding="UTF-8"?>
<TestRun id="0df5c961-85d0-4f76-8fd2-218120871be5" name="amit_h2@TLVAMITH2W7 2013-04-10 20:49:19" runUser="VERIFONE\amit_h2" xmlns="http://microsoft.com/schemas/VisualStudio/TeamTest/2010">
  <TestSettings name="Local" id="fa61efe0-547d-402c-8bd3-8c8c84c47f44">
    <Description>These are default test settings for a local test run.</Description>
    <Deployment enabled="false" runDeploymentRoot="amit_h2_TLVAMITH2W7 2013-04-10 20_49_19">
      <DeploymentItem filename="C:\Projects\Managed Services\Dev\General Prepaid (GPP)\SolutionFolder\AmitHirschPubSub\PubSub\bin\Debug\PubSub.dll" />
    </Deployment>
    <Execution>
      <TestTypeSpecific />
      <AgentRule name="Execution Agents">
      </AgentRule>
    </Execution>
  </TestSettings>
  <Times creation="2013-04-10T20:49:19.0723637+03:00" queuing="2013-04-10T20:49:19.8944459+03:00" start="2013-04-10T20:49:20.0434608+03:00" finish="2013-04-10T20:49:24.5489113+03:00" />
  <ResultSummary outcome="Completed">
    <Counters total="1" executed="1" passed="1" error="0" failed="0" timeout="0" aborted="0" inconclusive="0" passedButRunAborted="0" notRunnable="0" notExecuted="0" disconnected="0" warning="0" completed="0" inProgress="0" pending="0" />
  </ResultSummary>
  <TestDefinitions>
    <UnitTest name="MyTests" storage="c:\projects\managed services\dev\general prepaid (gpp)\solutionfolder\amithirschpubsub\pubsubtests\bin\debug\pubsubtests.dll" id="a6dbc720-de1e-ac9b-fa84-2c60fe2853cf">
      <Execution id="cf57df3c-3cf1-439d-a544-d147a34672f0" />
      <TestMethod codeBase="C:/Projects/Managed Services/Dev/General Prepaid (GPP)/SolutionFolder/AmitHirschPubSub/PubSubTests/bin/Debug/PubSubTests.DLL" adapterTypeName="Microsoft.VisualStudio.TestTools.TestTypes.Unit.UnitTestAdapter, Microsoft.VisualStudio.QualityTools.Tips.UnitTest.Adapter, Version=10.0.0.0, Culture=neutral, PublicKeyToken=b03f5f7f11d50a3a" className="PubSubTests.Tests, PubSubTests, Version=1.0.0.0, Culture=neutral, PublicKeyToken=null" name="MyTests" />
    </UnitTest>
  </TestDefinitions>
  <TestLists>
    <TestList name="Results Not in a List" id="8c84fa94-04c1-424b-9868-57a2d4851a1d" />
    <TestList name="All Loaded Results" id="19431567-8539-422a-85d7-44ee4e166bda" />
  </TestLists>
  <TestEntries>
    <TestEntry testId="a6dbc720-de1e-ac9b-fa84-2c60fe2853cf" executionId="cf57df3c-3cf1-439d-a544-d147a34672f0" testListId="8c84fa94-04c1-424b-9868-57a2d4851a1d" />
  </TestEntries>
  <Results>
    <UnitTestResult executionId="cf57df3c-3cf1-439d-a544-d147a34672f0" testId="a6dbc720-de1e-ac9b-fa84-2c60fe2853cf" testName="MyTests" computerName="TLVAMITH2W7" duration="00:00:03.8841010" startTime="2013-04-10T20:49:20.1644729+03:00" endTime="2013-04-10T20:49:24.5069071+03:00" testType="13cdc9d9-ddb5-4fa4-a97d-d965ccfc6d4b" outcome="Passed" testListId="8c84fa94-04c1-424b-9868-57a2d4851a1d" relativeResultsDirectory="cf57df3c-3cf1-439d-a544-d147a34672f0">
      <Output>
        <DebugTrace>Subsbcriber 1 Was Registered to broker 0
Subsbcriber 1 Was Registered to broker 0
Subsbcriber 2 Was Registered to broker 0
Subsbcriber 2 Was Registered to broker 0
Subsbcriber 3 Was Registered to broker 0
Subsbcriber 3 Was Registered to broker 0
Subsbcriber 1 Read This Message:' This is a TestMessage ', Message Id was 1, Topic Was Oil
Subsbcriber 2 Read This Message:' This is a TestMessage ', Message Id was 1, Topic Was Oil
Subsbcriber 3 Read This Message:' This is a TestMessage ', Message Id was 1, Topic Was Oil
</DebugTrace>
      </Output>
    </UnitTestResult>
  </Results>
</TestRun>