<?xml version="1.0" encoding="UTF-8"?>
<TestRun id="e07dc3bd-a88a-4970-adfd-8f3f30ad0a20" name="amit_h2@TLVAMITH2W7 2013-04-10 20:33:56" runUser="VERIFONE\amit_h2" xmlns="http://microsoft.com/schemas/VisualStudio/TeamTest/2010">
  <TestSettings name="Local" id="fa61efe0-547d-402c-8bd3-8c8c84c47f44">
    <Description>These are default test settings for a local test run.</Description>
    <Deployment enabled="false" runDeploymentRoot="amit_h2_TLVAMITH2W7 2013-04-10 20_33_56">
      <DeploymentItem filename="C:\Projects\Managed Services\Dev\General Prepaid (GPP)\SolutionFolder\AmitHirschPubSub\PubSub\bin\Debug\PubSub.dll" />
    </Deployment>
    <Execution>
      <TestTypeSpecific />
      <AgentRule name="Execution Agents">
      </AgentRule>
    </Execution>
  </TestSettings>
  <Times creation="2013-04-10T20:33:56.1370794+03:00" queuing="2013-04-10T20:33:56.2000857+03:00" start="2013-04-10T20:33:56.2040861+03:00" finish="2013-04-10T20:33:56.4341091+03:00" />
  <ResultSummary outcome="Completed">
    <Counters total="3" executed="3" passed="3" error="0" failed="0" timeout="0" aborted="0" inconclusive="0" passedButRunAborted="0" notRunnable="0" notExecuted="0" disconnected="0" warning="0" completed="0" inProgress="0" pending="0" />
  </ResultSummary>
  <TestDefinitions>
    <UnitTest name="Various_Subscribers_With_Topics_Register_Broker_ShouldHave_SubscribersAndTopics" storage="c:\projects\managed services\dev\general prepaid (gpp)\solutionfolder\amithirschpubsub\pubsubtests\bin\debug\pubsubtests.dll" id="edff5d04-1905-e28a-33ad-4c1181ba85b0">
      <Execution id="81a2c8b9-b6dc-40c3-9d56-f7c02aa2e98c" />
      <TestMethod codeBase="C:/Projects/Managed Services/Dev/General Prepaid (GPP)/SolutionFolder/AmitHirschPubSub/PubSubTests/bin/Debug/PubSubTests.DLL" adapterTypeName="Microsoft.VisualStudio.TestTools.TestTypes.Unit.UnitTestAdapter, Microsoft.VisualStudio.QualityTools.Tips.UnitTest.Adapter, Version=10.0.0.0, Culture=neutral, PublicKeyToken=b03f5f7f11d50a3a" className="PubSubTests.Tests, PubSubTests, Version=1.0.0.0, Culture=neutral, PublicKeyToken=null" name="Various_Subscribers_With_Topics_Register_Broker_ShouldHave_SubscribersAndTopics" />
    </UnitTest>
    <UnitTest name="Subscriber_With_OneTopic_Register_Broker_ShouldHave_SubscriberAndTopic" storage="c:\projects\managed services\dev\general prepaid (gpp)\solutionfolder\amithirschpubsub\pubsubtests\bin\debug\pubsubtests.dll" id="fe11d72b-cd01-6051-ec63-62f28a4cb101">
      <Execution id="aafa8ac3-541a-45a3-9b27-139d6c1eabae" />
      <TestMethod codeBase="C:/Projects/Managed Services/Dev/General Prepaid (GPP)/SolutionFolder/AmitHirschPubSub/PubSubTests/bin/Debug/PubSubTests.DLL" adapterTypeName="Microsoft.VisualStudio.TestTools.TestTypes.Unit.UnitTestAdapter, Microsoft.VisualStudio.QualityTools.Tips.UnitTest.Adapter, Version=10.0.0.0, Culture=neutral, PublicKeyToken=b03f5f7f11d50a3a" className="PubSubTests.Tests, PubSubTests, Version=1.0.0.0, Culture=neutral, PublicKeyToken=null" name="Subscriber_With_OneTopic_Register_Broker_ShouldHave_SubscriberAndTopic" />
    </UnitTest>
    <UnitTest name="Subscriber_With_TwoTopic_Register_Broker_ShouldHave_SubscriberAndTopics" storage="c:\projects\managed services\dev\general prepaid (gpp)\solutionfolder\amithirschpubsub\pubsubtests\bin\debug\pubsubtests.dll" id="ae07d948-53f4-3618-4fa4-1ddc8937fc75">
      <Execution id="90fc9fc1-7458-4bd0-8189-bee52c1fb8ca" />
      <TestMethod codeBase="C:/Projects/Managed Services/Dev/General Prepaid (GPP)/SolutionFolder/AmitHirschPubSub/PubSubTests/bin/Debug/PubSubTests.DLL" adapterTypeName="Microsoft.VisualStudio.TestTools.TestTypes.Unit.UnitTestAdapter, Microsoft.VisualStudio.QualityTools.Tips.UnitTest.Adapter, Version=10.0.0.0, Culture=neutral, PublicKeyToken=b03f5f7f11d50a3a" className="PubSubTests.Tests, PubSubTests, Version=1.0.0.0, Culture=neutral, PublicKeyToken=null" name="Subscriber_With_TwoTopic_Register_Broker_ShouldHave_SubscriberAndTopics" />
    </UnitTest>
  </TestDefinitions>
  <TestLists>
    <TestList name="Results Not in a List" id="8c84fa94-04c1-424b-9868-57a2d4851a1d" />
    <TestList name="All Loaded Results" id="19431567-8539-422a-85d7-44ee4e166bda" />
  </TestLists>
  <TestEntries>
    <TestEntry testId="ae07d948-53f4-3618-4fa4-1ddc8937fc75" executionId="90fc9fc1-7458-4bd0-8189-bee52c1fb8ca" testListId="8c84fa94-04c1-424b-9868-57a2d4851a1d" />
    <TestEntry testId="edff5d04-1905-e28a-33ad-4c1181ba85b0" executionId="81a2c8b9-b6dc-40c3-9d56-f7c02aa2e98c" testListId="8c84fa94-04c1-424b-9868-57a2d4851a1d" />
    <TestEntry testId="fe11d72b-cd01-6051-ec63-62f28a4cb101" executionId="aafa8ac3-541a-45a3-9b27-139d6c1eabae" testListId="8c84fa94-04c1-424b-9868-57a2d4851a1d" />
  </TestEntries>
  <Results>
    <UnitTestResult executionId="90fc9fc1-7458-4bd0-8189-bee52c1fb8ca" testId="ae07d948-53f4-3618-4fa4-1ddc8937fc75" testName="Subscriber_With_TwoTopic_Register_Broker_ShouldHave_SubscriberAndTopics" computerName="TLVAMITH2W7" duration="00:00:00.0191300" startTime="2013-04-10T20:33:56.2070864+03:00" endTime="2013-04-10T20:33:56.3771034+03:00" testType="13cdc9d9-ddb5-4fa4-a97d-d965ccfc6d4b" outcome="Passed" testListId="8c84fa94-04c1-424b-9868-57a2d4851a1d" relativeResultsDirectory="90fc9fc1-7458-4bd0-8189-bee52c1fb8ca">
      <Output>
        <DebugTrace>Subsbcriber 1 Was Registered to broker 0
Subsbcriber 1 Was Registered to broker 0
</DebugTrace>
      </Output>
    </UnitTestResult>
    <UnitTestResult executionId="81a2c8b9-b6dc-40c3-9d56-f7c02aa2e98c" testId="edff5d04-1905-e28a-33ad-4c1181ba85b0" testName="Various_Subscribers_With_Topics_Register_Broker_ShouldHave_SubscribersAndTopics" computerName="TLVAMITH2W7" duration="00:00:00.0011683" startTime="2013-04-10T20:33:56.3861043+03:00" endTime="2013-04-10T20:33:56.3901047+03:00" testType="13cdc9d9-ddb5-4fa4-a97d-d965ccfc6d4b" outcome="Passed" testListId="8c84fa94-04c1-424b-9868-57a2d4851a1d" relativeResultsDirectory="81a2c8b9-b6dc-40c3-9d56-f7c02aa2e98c">
      <Output>
        <DebugTrace>Subsbcriber 1 Was Registered to broker 0
Subsbcriber 1 Was Registered to broker 0
Subsbcriber 2 Was Registered to broker 0
Subsbcriber 2 Was Registered to broker 0
Subsbcriber 3 Was Registered to broker 0
Subsbcriber 3 Was Registered to broker 0
</DebugTrace>
      </Output>
    </UnitTestResult>
    <UnitTestResult executionId="aafa8ac3-541a-45a3-9b27-139d6c1eabae" testId="fe11d72b-cd01-6051-ec63-62f28a4cb101" testName="Subscriber_With_OneTopic_Register_Broker_ShouldHave_SubscriberAndTopic" computerName="TLVAMITH2W7" duration="00:00:00.0005144" startTime="2013-04-10T20:33:56.4201077+03:00" endTime="2013-04-10T20:33:56.4231080+03:00" testType="13cdc9d9-ddb5-4fa4-a97d-d965ccfc6d4b" outcome="Passed" testListId="8c84fa94-04c1-424b-9868-57a2d4851a1d" relativeResultsDirectory="aafa8ac3-541a-45a3-9b27-139d6c1eabae">
      <Output>
        <DebugTrace>Subsbcriber 1 Was Registered to broker 0
</DebugTrace>
      </Output>
    </UnitTestResult>
  </Results>
</TestRun>